Grammar

    0 $accept: inicio $end

    1 inicio: exp

    2 exp: lvalue
    3    | NIL
    4    | ABREPAR expseq FECHAPAR
    5    | NUM
    6    | STRING
    7    | MENOS exp
    8    | ID ABREPAR args FECHAPAR
    9    | exp MAIS exp
   10    | exp MENOS exp
   11    | exp VEZES exp
   12    | exp DIVIDIR exp
   13    | exp IGUAL exp
   14    | exp DIFERENTE exp
   15    | exp MENOR exp
   16    | exp MAIOR exp
   17    | exp MENORIG exp
   18    | exp MAIORIG exp
   19    | exp E exp
   20    | exp OU exp
   21    | tid
   22    | lvalue ATRIBUI exp
   23    | IF exp THEN exp ELSE exp
   24    | IF exp THEN exp
   25    | WHILE exp DO exp
   26    | FOR ID ATRIBUI exp TO exp DO exp
   27    | BREAK
   28    | LET decs IN expseq END

   29 tid: ABRECHAV ID IGUAL exp idexps FECHACHAV
   30    | ABRECOL exp FECHACOL OF exp

   31 decs: dec decs
   32     | %empty

   33 dec: tydec
   34    | vardec
   35    | fundec

   36 tydec: TIPO ID IGUAL ty

   37 ty: ID
   38   | ABRECHAV ID DOISPONTOS typeid tyfields1 FECHACHAV
   39   | ARRAY OF ID

   40 tyfields: ID DOISPONTOS typeid tyfields1
   41         | %empty

   42 tyfields1: VIRG ID DOISPONTOS typeid tyfields1
   43          | %empty

   44 vardec: VAR ID ATRIBUI exp
   45       | VAR ID DOISPONTOS typeid ATRIBUI exp

   46 fundec: FUNCTION ID ABREPAR tyfields FECHAPAR IGUAL exp
   47       | FUNCTION ID ABREPAR tyfields FECHAPAR DOISPONTOS typeid IGUAL exp

   48 lvalue: ID
   49       | lvalue PONTO ID
   50       | lvalue ABRECOL exp FECHACOL

   51 typeid: ID

   52 expseq: exp expseq1
   53       | %empty

   54 expseq1: PONTOVIRG exp expseq1
   55        | %empty

   56 args: exp args1
   57     | %empty

   58 args1: VIRG exp args1
   59      | %empty

   60 idexps: VIRG ID IGUAL exp idexps
   61       | %empty


Terminals, with rules where they appear

    $end (0) 0
    error (256)
    NUM <intVal> (258) 5
    STRING <strVal> (259) 6
    NIL <exp> (260) 3
    ABREPAR (261) 4 8 46 47
    FECHAPAR (262) 4 8 46 47
    ABRECHAV (263) 29 38
    FECHACHAV (264) 29 38
    ABRECOL (265) 30 50
    FECHACOL (266) 30 50
    MENOS (267) 7 10
    MAIS (268) 9
    VEZES (269) 11
    DIVIDIR (270) 12
    IGUAL (271) 13 29 36 46 47 60
    DIFERENTE (272) 14
    MENOR (273) 15
    MENORIG (274) 17
    MAIOR (275) 16
    MAIORIG (276) 18
    E (277) 19
    OU (278) 20
    OF (279) 30 39
    ATRIBUI (280) 22 26 44 45
    IF (281) 23 24
    THEN (282) 23 24
    ELSE (283) 23
    WHILE (284) 25
    DO (285) 25 26
    FOR (286) 26
    TO (287) 26
    BREAK (288) 27
    LET (289) 28
    IN (290) 28
    END (291) 28
    TIPO (292) 36
    DOISPONTOS (293) 38 40 42 45 47
    VAR (294) 44 45
    FUNCTION (295) 46 47
    PONTO (296) 49
    PONTOVIRG (297) 54
    VIRG (298) 42 58 60
    ID (299) 8 26 29 36 37 38 39 40 42 44 45 46 47 48 49 51 60
    ARRAY (300) 39


Nonterminals, with rules where they appear

    $accept (46)
        on left: 0
    inicio (47)
        on left: 1
        on right: 0
    exp <exp> (48)
        on left: 2 3 4 5 6 7 8 9 10 11 12 13 14 15 16 17 18 19 20 21 22 23 24 25 26 27 28
        on right: 1 7 9 10 11 12 13 14 15 16 17 18 19 20 22 23 24 25 26 29 30 44 45 46 47 50 52 54 56 58 60
    tid <tid> (49)
        on left: 29 30
        on right: 21
    decs <decList> (50)
        on left: 31 32
        on right: 28 31
    dec <dec> (51)
        on left: 33 34 35
        on right: 31
    tydec <tyDec> (52)
        on left: 36
        on right: 33
    ty <ty> (53)
        on left: 37 38 39
        on right: 36
    tyfields <tyList> (54)
        on left: 40 41
        on right: 46 47
    tyfields1 <tyList> (55)
        on left: 42 43
        on right: 38 40 42
    vardec <varDec> (56)
        on left: 44 45
        on right: 34
    fundec <funDec> (57)
        on left: 46 47
        on right: 35
    lvalue <var> (58)
        on left: 48 49 50
        on right: 2 22 49 50
    typeid <var> (59)
        on left: 51
        on right: 38 40 42 45 47
    expseq <expList> (60)
        on left: 52 53
        on right: 4 28
    expseq1 <expList> (61)
        on left: 54 55
        on right: 52 54
    args <argsDec> (62)
        on left: 56 57
        on right: 8
    args1 <argsDec> (63)
        on left: 58 59
        on right: 56 58
    idexps (64)
        on left: 60 61
        on right: 29 60


State 0

    0 $accept: . inicio $end

    NUM       shift, and go to state 1
    STRING    shift, and go to state 2
    NIL       shift, and go to state 3
    ABREPAR   shift, and go to state 4
    ABRECHAV  shift, and go to state 5
    ABRECOL   shift, and go to state 6
    MENOS     shift, and go to state 7
    IF        shift, and go to state 8
    WHILE     shift, and go to state 9
    FOR       shift, and go to state 10
    BREAK     shift, and go to state 11
    LET       shift, and go to state 12
    ID        shift, and go to state 13

    inicio  go to state 14
    exp     go to state 15
    tid     go to state 16
    lvalue  go to state 17


State 1

    5 exp: NUM .

    $default  reduce using rule 5 (exp)


State 2

    6 exp: STRING .

    $default  reduce using rule 6 (exp)


State 3

    3 exp: NIL .

    $default  reduce using rule 3 (exp)


State 4

    4 exp: ABREPAR . expseq FECHAPAR

    NUM       shift, and go to state 1
    STRING    shift, and go to state 2
    NIL       shift, and go to state 3
    ABREPAR   shift, and go to state 4
    ABRECHAV  shift, and go to state 5
    ABRECOL   shift, and go to state 6
    MENOS     shift, and go to state 7
    IF        shift, and go to state 8
    WHILE     shift, and go to state 9
    FOR       shift, and go to state 10
    BREAK     shift, and go to state 11
    LET       shift, and go to state 12
    ID        shift, and go to state 13

    $default  reduce using rule 53 (expseq)

    exp     go to state 18
    tid     go to state 16
    lvalue  go to state 17
    expseq  go to state 19


State 5

   29 tid: ABRECHAV . ID IGUAL exp idexps FECHACHAV

    ID  shift, and go to state 20


State 6

   30 tid: ABRECOL . exp FECHACOL OF exp

    NUM       shift, and go to state 1
    STRING    shift, and go to state 2
    NIL       shift, and go to state 3
    ABREPAR   shift, and go to state 4
    ABRECHAV  shift, and go to state 5
    ABRECOL   shift, and go to state 6
    MENOS     shift, and go to state 7
    IF        shift, and go to state 8
    WHILE     shift, and go to state 9
    FOR       shift, and go to state 10
    BREAK     shift, and go to state 11
    LET       shift, and go to state 12
    ID        shift, and go to state 13

    exp     go to state 21
    tid     go to state 16
    lvalue  go to state 17


State 7

    7 exp: MENOS . exp

    NUM       shift, and go to state 1
    STRING    shift, and go to state 2
    NIL       shift, and go to state 3
    ABREPAR   shift, and go to state 4
    ABRECHAV  shift, and go to state 5
    ABRECOL   shift, and go to state 6
    MENOS     shift, and go to state 7
    IF        shift, and go to state 8
    WHILE     shift, and go to state 9
    FOR       shift, and go to state 10
    BREAK     shift, and go to state 11
    LET       shift, and go to state 12
    ID        shift, and go to state 13

    exp     go to state 22
    tid     go to state 16
    lvalue  go to state 17


State 8

   23 exp: IF . exp THEN exp ELSE exp
   24    | IF . exp THEN exp

    NUM       shift, and go to state 1
    STRING    shift, and go to state 2
    NIL       shift, and go to state 3
    ABREPAR   shift, and go to state 4
    ABRECHAV  shift, and go to state 5
    ABRECOL   shift, and go to state 6
    MENOS     shift, and go to state 7
    IF        shift, and go to state 8
    WHILE     shift, and go to state 9
    FOR       shift, and go to state 10
    BREAK     shift, and go to state 11
    LET       shift, and go to state 12
    ID        shift, and go to state 13

    exp     go to state 23
    tid     go to state 16
    lvalue  go to state 17


State 9

   25 exp: WHILE . exp DO exp

    NUM       shift, and go to state 1
    STRING    shift, and go to state 2
    NIL       shift, and go to state 3
    ABREPAR   shift, and go to state 4
    ABRECHAV  shift, and go to state 5
    ABRECOL   shift, and go to state 6
    MENOS     shift, and go to state 7
    IF        shift, and go to state 8
    WHILE     shift, and go to state 9
    FOR       shift, and go to state 10
    BREAK     shift, and go to state 11
    LET       shift, and go to state 12
    ID        shift, and go to state 13

    exp     go to state 24
    tid     go to state 16
    lvalue  go to state 17


State 10

   26 exp: FOR . ID ATRIBUI exp TO exp DO exp

    ID  shift, and go to state 25


State 11

   27 exp: BREAK .

    $default  reduce using rule 27 (exp)


State 12

   28 exp: LET . decs IN expseq END

    TIPO      shift, and go to state 26
    VAR       shift, and go to state 27
    FUNCTION  shift, and go to state 28

    $default  reduce using rule 32 (decs)

    decs    go to state 29
    dec     go to state 30
    tydec   go to state 31
    vardec  go to state 32
    fundec  go to state 33


State 13

    8 exp: ID . ABREPAR args FECHAPAR
   48 lvalue: ID .

    ABREPAR  shift, and go to state 34

    $default  reduce using rule 48 (lvalue)


State 14

    0 $accept: inicio . $end

    $end  shift, and go to state 35


State 15

    1 inicio: exp .
    9 exp: exp . MAIS exp
   10    | exp . MENOS exp
   11    | exp . VEZES exp
   12    | exp . DIVIDIR exp
   13    | exp . IGUAL exp
   14    | exp . DIFERENTE exp
   15    | exp . MENOR exp
   16    | exp . MAIOR exp
   17    | exp . MENORIG exp
   18    | exp . MAIORIG exp
   19    | exp . E exp
   20    | exp . OU exp

    MENOS      shift, and go to state 36
    MAIS       shift, and go to state 37
    VEZES      shift, and go to state 38
    DIVIDIR    shift, and go to state 39
    IGUAL      shift, and go to state 40
    DIFERENTE  shift, and go to state 41
    MENOR      shift, and go to state 42
    MENORIG    shift, and go to state 43
    MAIOR      shift, and go to state 44
    MAIORIG    shift, and go to state 45
    E          shift, and go to state 46
    OU         shift, and go to state 47

    $default  reduce using rule 1 (inicio)


State 16

   21 exp: tid .

    $default  reduce using rule 21 (exp)


State 17

    2 exp: lvalue .
   22    | lvalue . ATRIBUI exp
   49 lvalue: lvalue . PONTO ID
   50       | lvalue . ABRECOL exp FECHACOL

    ABRECOL  shift, and go to state 48
    ATRIBUI  shift, and go to state 49
    PONTO    shift, and go to state 50

    $default  reduce using rule 2 (exp)


State 18

    9 exp: exp . MAIS exp
   10    | exp . MENOS exp
   11    | exp . VEZES exp
   12    | exp . DIVIDIR exp
   13    | exp . IGUAL exp
   14    | exp . DIFERENTE exp
   15    | exp . MENOR exp
   16    | exp . MAIOR exp
   17    | exp . MENORIG exp
   18    | exp . MAIORIG exp
   19    | exp . E exp
   20    | exp . OU exp
   52 expseq: exp . expseq1

    MENOS      shift, and go to state 36
    MAIS       shift, and go to state 37
    VEZES      shift, and go to state 38
    DIVIDIR    shift, and go to state 39
    IGUAL      shift, and go to state 40
    DIFERENTE  shift, and go to state 41
    MENOR      shift, and go to state 42
    MENORIG    shift, and go to state 43
    MAIOR      shift, and go to state 44
    MAIORIG    shift, and go to state 45
    E          shift, and go to state 46
    OU         shift, and go to state 47
    PONTOVIRG  shift, and go to state 51

    $default  reduce using rule 55 (expseq1)

    expseq1  go to state 52


State 19

    4 exp: ABREPAR expseq . FECHAPAR

    FECHAPAR  shift, and go to state 53


State 20

   29 tid: ABRECHAV ID . IGUAL exp idexps FECHACHAV

    IGUAL  shift, and go to state 54


State 21

    9 exp: exp . MAIS exp
   10    | exp . MENOS exp
   11    | exp . VEZES exp
   12    | exp . DIVIDIR exp
   13    | exp . IGUAL exp
   14    | exp . DIFERENTE exp
   15    | exp . MENOR exp
   16    | exp . MAIOR exp
   17    | exp . MENORIG exp
   18    | exp . MAIORIG exp
   19    | exp . E exp
   20    | exp . OU exp
   30 tid: ABRECOL exp . FECHACOL OF exp

    FECHACOL   shift, and go to state 55
    MENOS      shift, and go to state 36
    MAIS       shift, and go to state 37
    VEZES      shift, and go to state 38
    DIVIDIR    shift, and go to state 39
    IGUAL      shift, and go to state 40
    DIFERENTE  shift, and go to state 41
    MENOR      shift, and go to state 42
    MENORIG    shift, and go to state 43
    MAIOR      shift, and go to state 44
    MAIORIG    shift, and go to state 45
    E          shift, and go to state 46
    OU         shift, and go to state 47


State 22

    7 exp: MENOS exp .
    9    | exp . MAIS exp
   10    | exp . MENOS exp
   11    | exp . VEZES exp
   12    | exp . DIVIDIR exp
   13    | exp . IGUAL exp
   14    | exp . DIFERENTE exp
   15    | exp . MENOR exp
   16    | exp . MAIOR exp
   17    | exp . MENORIG exp
   18    | exp . MAIORIG exp
   19    | exp . E exp
   20    | exp . OU exp

    VEZES    shift, and go to state 38
    DIVIDIR  shift, and go to state 39

    $default  reduce using rule 7 (exp)


State 23

    9 exp: exp . MAIS exp
   10    | exp . MENOS exp
   11    | exp . VEZES exp
   12    | exp . DIVIDIR exp
   13    | exp . IGUAL exp
   14    | exp . DIFERENTE exp
   15    | exp . MENOR exp
   16    | exp . MAIOR exp
   17    | exp . MENORIG exp
   18    | exp . MAIORIG exp
   19    | exp . E exp
   20    | exp . OU exp
   23    | IF exp . THEN exp ELSE exp
   24    | IF exp . THEN exp

    MENOS      shift, and go to state 36
    MAIS       shift, and go to state 37
    VEZES      shift, and go to state 38
    DIVIDIR    shift, and go to state 39
    IGUAL      shift, and go to state 40
    DIFERENTE  shift, and go to state 41
    MENOR      shift, and go to state 42
    MENORIG    shift, and go to state 43
    MAIOR      shift, and go to state 44
    MAIORIG    shift, and go to state 45
    E          shift, and go to state 46
    OU         shift, and go to state 47
    THEN       shift, and go to state 56


State 24

    9 exp: exp . MAIS exp
   10    | exp . MENOS exp
   11    | exp . VEZES exp
   12    | exp . DIVIDIR exp
   13    | exp . IGUAL exp
   14    | exp . DIFERENTE exp
   15    | exp . MENOR exp
   16    | exp . MAIOR exp
   17    | exp . MENORIG exp
   18    | exp . MAIORIG exp
   19    | exp . E exp
   20    | exp . OU exp
   25    | WHILE exp . DO exp

    MENOS      shift, and go to state 36
    MAIS       shift, and go to state 37
    VEZES      shift, and go to state 38
    DIVIDIR    shift, and go to state 39
    IGUAL      shift, and go to state 40
    DIFERENTE  shift, and go to state 41
    MENOR      shift, and go to state 42
    MENORIG    shift, and go to state 43
    MAIOR      shift, and go to state 44
    MAIORIG    shift, and go to state 45
    E          shift, and go to state 46
    OU         shift, and go to state 47
    DO         shift, and go to state 57


State 25

   26 exp: FOR ID . ATRIBUI exp TO exp DO exp

    ATRIBUI  shift, and go to state 58


State 26

   36 tydec: TIPO . ID IGUAL ty

    ID  shift, and go to state 59


State 27

   44 vardec: VAR . ID ATRIBUI exp
   45       | VAR . ID DOISPONTOS typeid ATRIBUI exp

    ID  shift, and go to state 60


State 28

   46 fundec: FUNCTION . ID ABREPAR tyfields FECHAPAR IGUAL exp
   47       | FUNCTION . ID ABREPAR tyfields FECHAPAR DOISPONTOS typeid IGUAL exp

    ID  shift, and go to state 61


State 29

   28 exp: LET decs . IN expseq END

    IN  shift, and go to state 62


State 30

   31 decs: dec . decs

    TIPO      shift, and go to state 26
    VAR       shift, and go to state 27
    FUNCTION  shift, and go to state 28

    $default  reduce using rule 32 (decs)

    decs    go to state 63
    dec     go to state 30
    tydec   go to state 31
    vardec  go to state 32
    fundec  go to state 33


State 31

   33 dec: tydec .

    $default  reduce using rule 33 (dec)


State 32

   34 dec: vardec .

    $default  reduce using rule 34 (dec)


State 33

   35 dec: fundec .

    $default  reduce using rule 35 (dec)


State 34

    8 exp: ID ABREPAR . args FECHAPAR

    NUM       shift, and go to state 1
    STRING    shift, and go to state 2
    NIL       shift, and go to state 3
    ABREPAR   shift, and go to state 4
    ABRECHAV  shift, and go to state 5
    ABRECOL   shift, and go to state 6
    MENOS     shift, and go to state 7
    IF        shift, and go to state 8
    WHILE     shift, and go to state 9
    FOR       shift, and go to state 10
    BREAK     shift, and go to state 11
    LET       shift, and go to state 12
    ID        shift, and go to state 13

    $default  reduce using rule 57 (args)

    exp     go to state 64
    tid     go to state 16
    lvalue  go to state 17
    args    go to state 65


State 35

    0 $accept: inicio $end .

    $default  accept


State 36

   10 exp: exp MENOS . exp

    NUM       shift, and go to state 1
    STRING    shift, and go to state 2
    NIL       shift, and go to state 3
    ABREPAR   shift, and go to state 4
    ABRECHAV  shift, and go to state 5
    ABRECOL   shift, and go to state 6
    MENOS     shift, and go to state 7
    IF        shift, and go to state 8
    WHILE     shift, and go to state 9
    FOR       shift, and go to state 10
    BREAK     shift, and go to state 11
    LET       shift, and go to state 12
    ID        shift, and go to state 13

    exp     go to state 66
    tid     go to state 16
    lvalue  go to state 17


State 37

    9 exp: exp MAIS . exp

    NUM       shift, and go to state 1
    STRING    shift, and go to state 2
    NIL       shift, and go to state 3
    ABREPAR   shift, and go to state 4
    ABRECHAV  shift, and go to state 5
    ABRECOL   shift, and go to state 6
    MENOS     shift, and go to state 7
    IF        shift, and go to state 8
    WHILE     shift, and go to state 9
    FOR       shift, and go to state 10
    BREAK     shift, and go to state 11
    LET       shift, and go to state 12
    ID        shift, and go to state 13

    exp     go to state 67
    tid     go to state 16
    lvalue  go to state 17


State 38

   11 exp: exp VEZES . exp

    NUM       shift, and go to state 1
    STRING    shift, and go to state 2
    NIL       shift, and go to state 3
    ABREPAR   shift, and go to state 4
    ABRECHAV  shift, and go to state 5
    ABRECOL   shift, and go to state 6
    MENOS     shift, and go to state 7
    IF        shift, and go to state 8
    WHILE     shift, and go to state 9
    FOR       shift, and go to state 10
    BREAK     shift, and go to state 11
    LET       shift, and go to state 12
    ID        shift, and go to state 13

    exp     go to state 68
    tid     go to state 16
    lvalue  go to state 17


State 39

   12 exp: exp DIVIDIR . exp

    NUM       shift, and go to state 1
    STRING    shift, and go to state 2
    NIL       shift, and go to state 3
    ABREPAR   shift, and go to state 4
    ABRECHAV  shift, and go to state 5
    ABRECOL   shift, and go to state 6
    MENOS     shift, and go to state 7
    IF        shift, and go to state 8
    WHILE     shift, and go to state 9
    FOR       shift, and go to state 10
    BREAK     shift, and go to state 11
    LET       shift, and go to state 12
    ID        shift, and go to state 13

    exp     go to state 69
    tid     go to state 16
    lvalue  go to state 17


State 40

   13 exp: exp IGUAL . exp

    NUM       shift, and go to state 1
    STRING    shift, and go to state 2
    NIL       shift, and go to state 3
    ABREPAR   shift, and go to state 4
    ABRECHAV  shift, and go to state 5
    ABRECOL   shift, and go to state 6
    MENOS     shift, and go to state 7
    IF        shift, and go to state 8
    WHILE     shift, and go to state 9
    FOR       shift, and go to state 10
    BREAK     shift, and go to state 11
    LET       shift, and go to state 12
    ID        shift, and go to state 13

    exp     go to state 70
    tid     go to state 16
    lvalue  go to state 17


State 41

   14 exp: exp DIFERENTE . exp

    NUM       shift, and go to state 1
    STRING    shift, and go to state 2
    NIL       shift, and go to state 3
    ABREPAR   shift, and go to state 4
    ABRECHAV  shift, and go to state 5
    ABRECOL   shift, and go to state 6
    MENOS     shift, and go to state 7
    IF        shift, and go to state 8
    WHILE     shift, and go to state 9
    FOR       shift, and go to state 10
    BREAK     shift, and go to state 11
    LET       shift, and go to state 12
    ID        shift, and go to state 13

    exp     go to state 71
    tid     go to state 16
    lvalue  go to state 17


State 42

   15 exp: exp MENOR . exp

    NUM       shift, and go to state 1
    STRING    shift, and go to state 2
    NIL       shift, and go to state 3
    ABREPAR   shift, and go to state 4
    ABRECHAV  shift, and go to state 5
    ABRECOL   shift, and go to state 6
    MENOS     shift, and go to state 7
    IF        shift, and go to state 8
    WHILE     shift, and go to state 9
    FOR       shift, and go to state 10
    BREAK     shift, and go to state 11
    LET       shift, and go to state 12
    ID        shift, and go to state 13

    exp     go to state 72
    tid     go to state 16
    lvalue  go to state 17


State 43

   17 exp: exp MENORIG . exp

    NUM       shift, and go to state 1
    STRING    shift, and go to state 2
    NIL       shift, and go to state 3
    ABREPAR   shift, and go to state 4
    ABRECHAV  shift, and go to state 5
    ABRECOL   shift, and go to state 6
    MENOS     shift, and go to state 7
    IF        shift, and go to state 8
    WHILE     shift, and go to state 9
    FOR       shift, and go to state 10
    BREAK     shift, and go to state 11
    LET       shift, and go to state 12
    ID        shift, and go to state 13

    exp     go to state 73
    tid     go to state 16
    lvalue  go to state 17


State 44

   16 exp: exp MAIOR . exp

    NUM       shift, and go to state 1
    STRING    shift, and go to state 2
    NIL       shift, and go to state 3
    ABREPAR   shift, and go to state 4
    ABRECHAV  shift, and go to state 5
    ABRECOL   shift, and go to state 6
    MENOS     shift, and go to state 7
    IF        shift, and go to state 8
    WHILE     shift, and go to state 9
    FOR       shift, and go to state 10
    BREAK     shift, and go to state 11
    LET       shift, and go to state 12
    ID        shift, and go to state 13

    exp     go to state 74
    tid     go to state 16
    lvalue  go to state 17


State 45

   18 exp: exp MAIORIG . exp

    NUM       shift, and go to state 1
    STRING    shift, and go to state 2
    NIL       shift, and go to state 3
    ABREPAR   shift, and go to state 4
    ABRECHAV  shift, and go to state 5
    ABRECOL   shift, and go to state 6
    MENOS     shift, and go to state 7
    IF        shift, and go to state 8
    WHILE     shift, and go to state 9
    FOR       shift, and go to state 10
    BREAK     shift, and go to state 11
    LET       shift, and go to state 12
    ID        shift, and go to state 13

    exp     go to state 75
    tid     go to state 16
    lvalue  go to state 17


State 46

   19 exp: exp E . exp

    NUM       shift, and go to state 1
    STRING    shift, and go to state 2
    NIL       shift, and go to state 3
    ABREPAR   shift, and go to state 4
    ABRECHAV  shift, and go to state 5
    ABRECOL   shift, and go to state 6
    MENOS     shift, and go to state 7
    IF        shift, and go to state 8
    WHILE     shift, and go to state 9
    FOR       shift, and go to state 10
    BREAK     shift, and go to state 11
    LET       shift, and go to state 12
    ID        shift, and go to state 13

    exp     go to state 76
    tid     go to state 16
    lvalue  go to state 17


State 47

   20 exp: exp OU . exp

    NUM       shift, and go to state 1
    STRING    shift, and go to state 2
    NIL       shift, and go to state 3
    ABREPAR   shift, and go to state 4
    ABRECHAV  shift, and go to state 5
    ABRECOL   shift, and go to state 6
    MENOS     shift, and go to state 7
    IF        shift, and go to state 8
    WHILE     shift, and go to state 9
    FOR       shift, and go to state 10
    BREAK     shift, and go to state 11
    LET       shift, and go to state 12
    ID        shift, and go to state 13

    exp     go to state 77
    tid     go to state 16
    lvalue  go to state 17


State 48

   50 lvalue: lvalue ABRECOL . exp FECHACOL

    NUM       shift, and go to state 1
    STRING    shift, and go to state 2
    NIL       shift, and go to state 3
    ABREPAR   shift, and go to state 4
    ABRECHAV  shift, and go to state 5
    ABRECOL   shift, and go to state 6
    MENOS     shift, and go to state 7
    IF        shift, and go to state 8
    WHILE     shift, and go to state 9
    FOR       shift, and go to state 10
    BREAK     shift, and go to state 11
    LET       shift, and go to state 12
    ID        shift, and go to state 13

    exp     go to state 78
    tid     go to state 16
    lvalue  go to state 17


State 49

   22 exp: lvalue ATRIBUI . exp

    NUM       shift, and go to state 1
    STRING    shift, and go to state 2
    NIL       shift, and go to state 3
    ABREPAR   shift, and go to state 4
    ABRECHAV  shift, and go to state 5
    ABRECOL   shift, and go to state 6
    MENOS     shift, and go to state 7
    IF        shift, and go to state 8
    WHILE     shift, and go to state 9
    FOR       shift, and go to state 10
    BREAK     shift, and go to state 11
    LET       shift, and go to state 12
    ID        shift, and go to state 13

    exp     go to state 79
    tid     go to state 16
    lvalue  go to state 17


State 50

   49 lvalue: lvalue PONTO . ID

    ID  shift, and go to state 80


State 51

   54 expseq1: PONTOVIRG . exp expseq1

    NUM       shift, and go to state 1
    STRING    shift, and go to state 2
    NIL       shift, and go to state 3
    ABREPAR   shift, and go to state 4
    ABRECHAV  shift, and go to state 5
    ABRECOL   shift, and go to state 6
    MENOS     shift, and go to state 7
    IF        shift, and go to state 8
    WHILE     shift, and go to state 9
    FOR       shift, and go to state 10
    BREAK     shift, and go to state 11
    LET       shift, and go to state 12
    ID        shift, and go to state 13

    exp     go to state 81
    tid     go to state 16
    lvalue  go to state 17


State 52

   52 expseq: exp expseq1 .

    $default  reduce using rule 52 (expseq)


State 53

    4 exp: ABREPAR expseq FECHAPAR .

    $default  reduce using rule 4 (exp)


State 54

   29 tid: ABRECHAV ID IGUAL . exp idexps FECHACHAV

    NUM       shift, and go to state 1
    STRING    shift, and go to state 2
    NIL       shift, and go to state 3
    ABREPAR   shift, and go to state 4
    ABRECHAV  shift, and go to state 5
    ABRECOL   shift, and go to state 6
    MENOS     shift, and go to state 7
    IF        shift, and go to state 8
    WHILE     shift, and go to state 9
    FOR       shift, and go to state 10
    BREAK     shift, and go to state 11
    LET       shift, and go to state 12
    ID        shift, and go to state 13

    exp     go to state 82
    tid     go to state 16
    lvalue  go to state 17


State 55

   30 tid: ABRECOL exp FECHACOL . OF exp

    OF  shift, and go to state 83


State 56

   23 exp: IF exp THEN . exp ELSE exp
   24    | IF exp THEN . exp

    NUM       shift, and go to state 1
    STRING    shift, and go to state 2
    NIL       shift, and go to state 3
    ABREPAR   shift, and go to state 4
    ABRECHAV  shift, and go to state 5
    ABRECOL   shift, and go to state 6
    MENOS     shift, and go to state 7
    IF        shift, and go to state 8
    WHILE     shift, and go to state 9
    FOR       shift, and go to state 10
    BREAK     shift, and go to state 11
    LET       shift, and go to state 12
    ID        shift, and go to state 13

    exp     go to state 84
    tid     go to state 16
    lvalue  go to state 17


State 57

   25 exp: WHILE exp DO . exp

    NUM       shift, and go to state 1
    STRING    shift, and go to state 2
    NIL       shift, and go to state 3
    ABREPAR   shift, and go to state 4
    ABRECHAV  shift, and go to state 5
    ABRECOL   shift, and go to state 6
    MENOS     shift, and go to state 7
    IF        shift, and go to state 8
    WHILE     shift, and go to state 9
    FOR       shift, and go to state 10
    BREAK     shift, and go to state 11
    LET       shift, and go to state 12
    ID        shift, and go to state 13

    exp     go to state 85
    tid     go to state 16
    lvalue  go to state 17


State 58

   26 exp: FOR ID ATRIBUI . exp TO exp DO exp

    NUM       shift, and go to state 1
    STRING    shift, and go to state 2
    NIL       shift, and go to state 3
    ABREPAR   shift, and go to state 4
    ABRECHAV  shift, and go to state 5
    ABRECOL   shift, and go to state 6
    MENOS     shift, and go to state 7
    IF        shift, and go to state 8
    WHILE     shift, and go to state 9
    FOR       shift, and go to state 10
    BREAK     shift, and go to state 11
    LET       shift, and go to state 12
    ID        shift, and go to state 13

    exp     go to state 86
    tid     go to state 16
    lvalue  go to state 17


State 59

   36 tydec: TIPO ID . IGUAL ty

    IGUAL  shift, and go to state 87


State 60

   44 vardec: VAR ID . ATRIBUI exp
   45       | VAR ID . DOISPONTOS typeid ATRIBUI exp

    ATRIBUI     shift, and go to state 88
    DOISPONTOS  shift, and go to state 89


State 61

   46 fundec: FUNCTION ID . ABREPAR tyfields FECHAPAR IGUAL exp
   47       | FUNCTION ID . ABREPAR tyfields FECHAPAR DOISPONTOS typeid IGUAL exp

    ABREPAR  shift, and go to state 90


State 62

   28 exp: LET decs IN . expseq END

    NUM       shift, and go to state 1
    STRING    shift, and go to state 2
    NIL       shift, and go to state 3
    ABREPAR   shift, and go to state 4
    ABRECHAV  shift, and go to state 5
    ABRECOL   shift, and go to state 6
    MENOS     shift, and go to state 7
    IF        shift, and go to state 8
    WHILE     shift, and go to state 9
    FOR       shift, and go to state 10
    BREAK     shift, and go to state 11
    LET       shift, and go to state 12
    ID        shift, and go to state 13

    $default  reduce using rule 53 (expseq)

    exp     go to state 18
    tid     go to state 16
    lvalue  go to state 17
    expseq  go to state 91


State 63

   31 decs: dec decs .

    $default  reduce using rule 31 (decs)


State 64

    9 exp: exp . MAIS exp
   10    | exp . MENOS exp
   11    | exp . VEZES exp
   12    | exp . DIVIDIR exp
   13    | exp . IGUAL exp
   14    | exp . DIFERENTE exp
   15    | exp . MENOR exp
   16    | exp . MAIOR exp
   17    | exp . MENORIG exp
   18    | exp . MAIORIG exp
   19    | exp . E exp
   20    | exp . OU exp
   56 args: exp . args1

    MENOS      shift, and go to state 36
    MAIS       shift, and go to state 37
    VEZES      shift, and go to state 38
    DIVIDIR    shift, and go to state 39
    IGUAL      shift, and go to state 40
    DIFERENTE  shift, and go to state 41
    MENOR      shift, and go to state 42
    MENORIG    shift, and go to state 43
    MAIOR      shift, and go to state 44
    MAIORIG    shift, and go to state 45
    E          shift, and go to state 46
    OU         shift, and go to state 47
    VIRG       shift, and go to state 92

    $default  reduce using rule 59 (args1)

    args1  go to state 93


State 65

    8 exp: ID ABREPAR args . FECHAPAR

    FECHAPAR  shift, and go to state 94


State 66

    9 exp: exp . MAIS exp
   10    | exp . MENOS exp
   10    | exp MENOS exp .
   11    | exp . VEZES exp
   12    | exp . DIVIDIR exp
   13    | exp . IGUAL exp
   14    | exp . DIFERENTE exp
   15    | exp . MENOR exp
   16    | exp . MAIOR exp
   17    | exp . MENORIG exp
   18    | exp . MAIORIG exp
   19    | exp . E exp
   20    | exp . OU exp

    VEZES    shift, and go to state 38
    DIVIDIR  shift, and go to state 39

    $default  reduce using rule 10 (exp)


State 67

    9 exp: exp . MAIS exp
    9    | exp MAIS exp .
   10    | exp . MENOS exp
   11    | exp . VEZES exp
   12    | exp . DIVIDIR exp
   13    | exp . IGUAL exp
   14    | exp . DIFERENTE exp
   15    | exp . MENOR exp
   16    | exp . MAIOR exp
   17    | exp . MENORIG exp
   18    | exp . MAIORIG exp
   19    | exp . E exp
   20    | exp . OU exp

    VEZES    shift, and go to state 38
    DIVIDIR  shift, and go to state 39

    $default  reduce using rule 9 (exp)


State 68

    9 exp: exp . MAIS exp
   10    | exp . MENOS exp
   11    | exp . VEZES exp
   11    | exp VEZES exp .
   12    | exp . DIVIDIR exp
   13    | exp . IGUAL exp
   14    | exp . DIFERENTE exp
   15    | exp . MENOR exp
   16    | exp . MAIOR exp
   17    | exp . MENORIG exp
   18    | exp . MAIORIG exp
   19    | exp . E exp
   20    | exp . OU exp

    $default  reduce using rule 11 (exp)


State 69

    9 exp: exp . MAIS exp
   10    | exp . MENOS exp
   11    | exp . VEZES exp
   12    | exp . DIVIDIR exp
   12    | exp DIVIDIR exp .
   13    | exp . IGUAL exp
   14    | exp . DIFERENTE exp
   15    | exp . MENOR exp
   16    | exp . MAIOR exp
   17    | exp . MENORIG exp
   18    | exp . MAIORIG exp
   19    | exp . E exp
   20    | exp . OU exp

    $default  reduce using rule 12 (exp)


State 70

    9 exp: exp . MAIS exp
   10    | exp . MENOS exp
   11    | exp . VEZES exp
   12    | exp . DIVIDIR exp
   13    | exp . IGUAL exp
   13    | exp IGUAL exp .
   14    | exp . DIFERENTE exp
   15    | exp . MENOR exp
   16    | exp . MAIOR exp
   17    | exp . MENORIG exp
   18    | exp . MAIORIG exp
   19    | exp . E exp
   20    | exp . OU exp

    MENOS    shift, and go to state 36
    MAIS     shift, and go to state 37
    VEZES    shift, and go to state 38
    DIVIDIR  shift, and go to state 39

    IGUAL      error (nonassociative)
    DIFERENTE  error (nonassociative)
    MENOR      error (nonassociative)
    MENORIG    error (nonassociative)
    MAIOR      error (nonassociative)
    MAIORIG    error (nonassociative)

    $default  reduce using rule 13 (exp)


State 71

    9 exp: exp . MAIS exp
   10    | exp . MENOS exp
   11    | exp . VEZES exp
   12    | exp . DIVIDIR exp
   13    | exp . IGUAL exp
   14    | exp . DIFERENTE exp
   14    | exp DIFERENTE exp .
   15    | exp . MENOR exp
   16    | exp . MAIOR exp
   17    | exp . MENORIG exp
   18    | exp . MAIORIG exp
   19    | exp . E exp
   20    | exp . OU exp

    MENOS    shift, and go to state 36
    MAIS     shift, and go to state 37
    VEZES    shift, and go to state 38
    DIVIDIR  shift, and go to state 39

    IGUAL      error (nonassociative)
    DIFERENTE  error (nonassociative)
    MENOR      error (nonassociative)
    MENORIG    error (nonassociative)
    MAIOR      error (nonassociative)
    MAIORIG    error (nonassociative)

    $default  reduce using rule 14 (exp)


State 72

    9 exp: exp . MAIS exp
   10    | exp . MENOS exp
   11    | exp . VEZES exp
   12    | exp . DIVIDIR exp
   13    | exp . IGUAL exp
   14    | exp . DIFERENTE exp
   15    | exp . MENOR exp
   15    | exp MENOR exp .
   16    | exp . MAIOR exp
   17    | exp . MENORIG exp
   18    | exp . MAIORIG exp
   19    | exp . E exp
   20    | exp . OU exp

    MENOS    shift, and go to state 36
    MAIS     shift, and go to state 37
    VEZES    shift, and go to state 38
    DIVIDIR  shift, and go to state 39

    IGUAL      error (nonassociative)
    DIFERENTE  error (nonassociative)
    MENOR      error (nonassociative)
    MENORIG    error (nonassociative)
    MAIOR      error (nonassociative)
    MAIORIG    error (nonassociative)

    $default  reduce using rule 15 (exp)


State 73

    9 exp: exp . MAIS exp
   10    | exp . MENOS exp
   11    | exp . VEZES exp
   12    | exp . DIVIDIR exp
   13    | exp . IGUAL exp
   14    | exp . DIFERENTE exp
   15    | exp . MENOR exp
   16    | exp . MAIOR exp
   17    | exp . MENORIG exp
   17    | exp MENORIG exp .
   18    | exp . MAIORIG exp
   19    | exp . E exp
   20    | exp . OU exp

    MENOS    shift, and go to state 36
    MAIS     shift, and go to state 37
    VEZES    shift, and go to state 38
    DIVIDIR  shift, and go to state 39

    IGUAL      error (nonassociative)
    DIFERENTE  error (nonassociative)
    MENOR      error (nonassociative)
    MENORIG    error (nonassociative)
    MAIOR      error (nonassociative)
    MAIORIG    error (nonassociative)

    $default  reduce using rule 17 (exp)


State 74

    9 exp: exp . MAIS exp
   10    | exp . MENOS exp
   11    | exp . VEZES exp
   12    | exp . DIVIDIR exp
   13    | exp . IGUAL exp
   14    | exp . DIFERENTE exp
   15    | exp . MENOR exp
   16    | exp . MAIOR exp
   16    | exp MAIOR exp .
   17    | exp . MENORIG exp
   18    | exp . MAIORIG exp
   19    | exp . E exp
   20    | exp . OU exp

    MENOS    shift, and go to state 36
    MAIS     shift, and go to state 37
    VEZES    shift, and go to state 38
    DIVIDIR  shift, and go to state 39

    IGUAL      error (nonassociative)
    DIFERENTE  error (nonassociative)
    MENOR      error (nonassociative)
    MENORIG    error (nonassociative)
    MAIOR      error (nonassociative)
    MAIORIG    error (nonassociative)

    $default  reduce using rule 16 (exp)


State 75

    9 exp: exp . MAIS exp
   10    | exp . MENOS exp
   11    | exp . VEZES exp
   12    | exp . DIVIDIR exp
   13    | exp . IGUAL exp
   14    | exp . DIFERENTE exp
   15    | exp . MENOR exp
   16    | exp . MAIOR exp
   17    | exp . MENORIG exp
   18    | exp . MAIORIG exp
   18    | exp MAIORIG exp .
   19    | exp . E exp
   20    | exp . OU exp

    MENOS    shift, and go to state 36
    MAIS     shift, and go to state 37
    VEZES    shift, and go to state 38
    DIVIDIR  shift, and go to state 39

    IGUAL      error (nonassociative)
    DIFERENTE  error (nonassociative)
    MENOR      error (nonassociative)
    MENORIG    error (nonassociative)
    MAIOR      error (nonassociative)
    MAIORIG    error (nonassociative)

    $default  reduce using rule 18 (exp)


State 76

    9 exp: exp . MAIS exp
   10    | exp . MENOS exp
   11    | exp . VEZES exp
   12    | exp . DIVIDIR exp
   13    | exp . IGUAL exp
   14    | exp . DIFERENTE exp
   15    | exp . MENOR exp
   16    | exp . MAIOR exp
   17    | exp . MENORIG exp
   18    | exp . MAIORIG exp
   19    | exp . E exp
   19    | exp E exp .
   20    | exp . OU exp

    MENOS      shift, and go to state 36
    MAIS       shift, and go to state 37
    VEZES      shift, and go to state 38
    DIVIDIR    shift, and go to state 39
    IGUAL      shift, and go to state 40
    DIFERENTE  shift, and go to state 41
    MENOR      shift, and go to state 42
    MENORIG    shift, and go to state 43
    MAIOR      shift, and go to state 44
    MAIORIG    shift, and go to state 45

    E  error (nonassociative)

    $default  reduce using rule 19 (exp)


State 77

    9 exp: exp . MAIS exp
   10    | exp . MENOS exp
   11    | exp . VEZES exp
   12    | exp . DIVIDIR exp
   13    | exp . IGUAL exp
   14    | exp . DIFERENTE exp
   15    | exp . MENOR exp
   16    | exp . MAIOR exp
   17    | exp . MENORIG exp
   18    | exp . MAIORIG exp
   19    | exp . E exp
   20    | exp . OU exp
   20    | exp OU exp .

    MENOS      shift, and go to state 36
    MAIS       shift, and go to state 37
    VEZES      shift, and go to state 38
    DIVIDIR    shift, and go to state 39
    IGUAL      shift, and go to state 40
    DIFERENTE  shift, and go to state 41
    MENOR      shift, and go to state 42
    MENORIG    shift, and go to state 43
    MAIOR      shift, and go to state 44
    MAIORIG    shift, and go to state 45
    E          shift, and go to state 46

    OU  error (nonassociative)

    $default  reduce using rule 20 (exp)


State 78

    9 exp: exp . MAIS exp
   10    | exp . MENOS exp
   11    | exp . VEZES exp
   12    | exp . DIVIDIR exp
   13    | exp . IGUAL exp
   14    | exp . DIFERENTE exp
   15    | exp . MENOR exp
   16    | exp . MAIOR exp
   17    | exp . MENORIG exp
   18    | exp . MAIORIG exp
   19    | exp . E exp
   20    | exp . OU exp
   50 lvalue: lvalue ABRECOL exp . FECHACOL

    FECHACOL   shift, and go to state 95
    MENOS      shift, and go to state 36
    MAIS       shift, and go to state 37
    VEZES      shift, and go to state 38
    DIVIDIR    shift, and go to state 39
    IGUAL      shift, and go to state 40
    DIFERENTE  shift, and go to state 41
    MENOR      shift, and go to state 42
    MENORIG    shift, and go to state 43
    MAIOR      shift, and go to state 44
    MAIORIG    shift, and go to state 45
    E          shift, and go to state 46
    OU         shift, and go to state 47


State 79

    9 exp: exp . MAIS exp
   10    | exp . MENOS exp
   11    | exp . VEZES exp
   12    | exp . DIVIDIR exp
   13    | exp . IGUAL exp
   14    | exp . DIFERENTE exp
   15    | exp . MENOR exp
   16    | exp . MAIOR exp
   17    | exp . MENORIG exp
   18    | exp . MAIORIG exp
   19    | exp . E exp
   20    | exp . OU exp
   22    | lvalue ATRIBUI exp .

    MENOS      shift, and go to state 36
    MAIS       shift, and go to state 37
    VEZES      shift, and go to state 38
    DIVIDIR    shift, and go to state 39
    IGUAL      shift, and go to state 40
    DIFERENTE  shift, and go to state 41
    MENOR      shift, and go to state 42
    MENORIG    shift, and go to state 43
    MAIOR      shift, and go to state 44
    MAIORIG    shift, and go to state 45
    E          shift, and go to state 46
    OU         shift, and go to state 47

    $default  reduce using rule 22 (exp)


State 80

   49 lvalue: lvalue PONTO ID .

    $default  reduce using rule 49 (lvalue)


State 81

    9 exp: exp . MAIS exp
   10    | exp . MENOS exp
   11    | exp . VEZES exp
   12    | exp . DIVIDIR exp
   13    | exp . IGUAL exp
   14    | exp . DIFERENTE exp
   15    | exp . MENOR exp
   16    | exp . MAIOR exp
   17    | exp . MENORIG exp
   18    | exp . MAIORIG exp
   19    | exp . E exp
   20    | exp . OU exp
   54 expseq1: PONTOVIRG exp . expseq1

    MENOS      shift, and go to state 36
    MAIS       shift, and go to state 37
    VEZES      shift, and go to state 38
    DIVIDIR    shift, and go to state 39
    IGUAL      shift, and go to state 40
    DIFERENTE  shift, and go to state 41
    MENOR      shift, and go to state 42
    MENORIG    shift, and go to state 43
    MAIOR      shift, and go to state 44
    MAIORIG    shift, and go to state 45
    E          shift, and go to state 46
    OU         shift, and go to state 47
    PONTOVIRG  shift, and go to state 51

    $default  reduce using rule 55 (expseq1)

    expseq1  go to state 96


State 82

    9 exp: exp . MAIS exp
   10    | exp . MENOS exp
   11    | exp . VEZES exp
   12    | exp . DIVIDIR exp
   13    | exp . IGUAL exp
   14    | exp . DIFERENTE exp
   15    | exp . MENOR exp
   16    | exp . MAIOR exp
   17    | exp . MENORIG exp
   18    | exp . MAIORIG exp
   19    | exp . E exp
   20    | exp . OU exp
   29 tid: ABRECHAV ID IGUAL exp . idexps FECHACHAV

    MENOS      shift, and go to state 36
    MAIS       shift, and go to state 37
    VEZES      shift, and go to state 38
    DIVIDIR    shift, and go to state 39
    IGUAL      shift, and go to state 40
    DIFERENTE  shift, and go to state 41
    MENOR      shift, and go to state 42
    MENORIG    shift, and go to state 43
    MAIOR      shift, and go to state 44
    MAIORIG    shift, and go to state 45
    E          shift, and go to state 46
    OU         shift, and go to state 47
    VIRG       shift, and go to state 97

    $default  reduce using rule 61 (idexps)

    idexps  go to state 98


State 83

   30 tid: ABRECOL exp FECHACOL OF . exp

    NUM       shift, and go to state 1
    STRING    shift, and go to state 2
    NIL       shift, and go to state 3
    ABREPAR   shift, and go to state 4
    ABRECHAV  shift, and go to state 5
    ABRECOL   shift, and go to state 6
    MENOS     shift, and go to state 7
    IF        shift, and go to state 8
    WHILE     shift, and go to state 9
    FOR       shift, and go to state 10
    BREAK     shift, and go to state 11
    LET       shift, and go to state 12
    ID        shift, and go to state 13

    exp     go to state 99
    tid     go to state 16
    lvalue  go to state 17


State 84

    9 exp: exp . MAIS exp
   10    | exp . MENOS exp
   11    | exp . VEZES exp
   12    | exp . DIVIDIR exp
   13    | exp . IGUAL exp
   14    | exp . DIFERENTE exp
   15    | exp . MENOR exp
   16    | exp . MAIOR exp
   17    | exp . MENORIG exp
   18    | exp . MAIORIG exp
   19    | exp . E exp
   20    | exp . OU exp
   23    | IF exp THEN exp . ELSE exp
   24    | IF exp THEN exp .

    MENOS      shift, and go to state 36
    MAIS       shift, and go to state 37
    VEZES      shift, and go to state 38
    DIVIDIR    shift, and go to state 39
    IGUAL      shift, and go to state 40
    DIFERENTE  shift, and go to state 41
    MENOR      shift, and go to state 42
    MENORIG    shift, and go to state 43
    MAIOR      shift, and go to state 44
    MAIORIG    shift, and go to state 45
    E          shift, and go to state 46
    OU         shift, and go to state 47
    ELSE       shift, and go to state 100

    $default  reduce using rule 24 (exp)


State 85

    9 exp: exp . MAIS exp
   10    | exp . MENOS exp
   11    | exp . VEZES exp
   12    | exp . DIVIDIR exp
   13    | exp . IGUAL exp
   14    | exp . DIFERENTE exp
   15    | exp . MENOR exp
   16    | exp . MAIOR exp
   17    | exp . MENORIG exp
   18    | exp . MAIORIG exp
   19    | exp . E exp
   20    | exp . OU exp
   25    | WHILE exp DO exp .

    MENOS      shift, and go to state 36
    MAIS       shift, and go to state 37
    VEZES      shift, and go to state 38
    DIVIDIR    shift, and go to state 39
    IGUAL      shift, and go to state 40
    DIFERENTE  shift, and go to state 41
    MENOR      shift, and go to state 42
    MENORIG    shift, and go to state 43
    MAIOR      shift, and go to state 44
    MAIORIG    shift, and go to state 45
    E          shift, and go to state 46
    OU         shift, and go to state 47

    $default  reduce using rule 25 (exp)


State 86

    9 exp: exp . MAIS exp
   10    | exp . MENOS exp
   11    | exp . VEZES exp
   12    | exp . DIVIDIR exp
   13    | exp . IGUAL exp
   14    | exp . DIFERENTE exp
   15    | exp . MENOR exp
   16    | exp . MAIOR exp
   17    | exp . MENORIG exp
   18    | exp . MAIORIG exp
   19    | exp . E exp
   20    | exp . OU exp
   26    | FOR ID ATRIBUI exp . TO exp DO exp

    MENOS      shift, and go to state 36
    MAIS       shift, and go to state 37
    VEZES      shift, and go to state 38
    DIVIDIR    shift, and go to state 39
    IGUAL      shift, and go to state 40
    DIFERENTE  shift, and go to state 41
    MENOR      shift, and go to state 42
    MENORIG    shift, and go to state 43
    MAIOR      shift, and go to state 44
    MAIORIG    shift, and go to state 45
    E          shift, and go to state 46
    OU         shift, and go to state 47
    TO         shift, and go to state 101


State 87

   36 tydec: TIPO ID IGUAL . ty

    ABRECHAV  shift, and go to state 102
    ID        shift, and go to state 103
    ARRAY     shift, and go to state 104

    ty  go to state 105


State 88

   44 vardec: VAR ID ATRIBUI . exp

    NUM       shift, and go to state 1
    STRING    shift, and go to state 2
    NIL       shift, and go to state 3
    ABREPAR   shift, and go to state 4
    ABRECHAV  shift, and go to state 5
    ABRECOL   shift, and go to state 6
    MENOS     shift, and go to state 7
    IF        shift, and go to state 8
    WHILE     shift, and go to state 9
    FOR       shift, and go to state 10
    BREAK     shift, and go to state 11
    LET       shift, and go to state 12
    ID        shift, and go to state 13

    exp     go to state 106
    tid     go to state 16
    lvalue  go to state 17


State 89

   45 vardec: VAR ID DOISPONTOS . typeid ATRIBUI exp

    ID  shift, and go to state 107

    typeid  go to state 108


State 90

   46 fundec: FUNCTION ID ABREPAR . tyfields FECHAPAR IGUAL exp
   47       | FUNCTION ID ABREPAR . tyfields FECHAPAR DOISPONTOS typeid IGUAL exp

    ID  shift, and go to state 109

    $default  reduce using rule 41 (tyfields)

    tyfields  go to state 110


State 91

   28 exp: LET decs IN expseq . END

    END  shift, and go to state 111


State 92

   58 args1: VIRG . exp args1

    NUM       shift, and go to state 1
    STRING    shift, and go to state 2
    NIL       shift, and go to state 3
    ABREPAR   shift, and go to state 4
    ABRECHAV  shift, and go to state 5
    ABRECOL   shift, and go to state 6
    MENOS     shift, and go to state 7
    IF        shift, and go to state 8
    WHILE     shift, and go to state 9
    FOR       shift, and go to state 10
    BREAK     shift, and go to state 11
    LET       shift, and go to state 12
    ID        shift, and go to state 13

    exp     go to state 112
    tid     go to state 16
    lvalue  go to state 17


State 93

   56 args: exp args1 .

    $default  reduce using rule 56 (args)


State 94

    8 exp: ID ABREPAR args FECHAPAR .

    $default  reduce using rule 8 (exp)


State 95

   50 lvalue: lvalue ABRECOL exp FECHACOL .

    $default  reduce using rule 50 (lvalue)


State 96

   54 expseq1: PONTOVIRG exp expseq1 .

    $default  reduce using rule 54 (expseq1)


State 97

   60 idexps: VIRG . ID IGUAL exp idexps

    ID  shift, and go to state 113


State 98

   29 tid: ABRECHAV ID IGUAL exp idexps . FECHACHAV

    FECHACHAV  shift, and go to state 114


State 99

    9 exp: exp . MAIS exp
   10    | exp . MENOS exp
   11    | exp . VEZES exp
   12    | exp . DIVIDIR exp
   13    | exp . IGUAL exp
   14    | exp . DIFERENTE exp
   15    | exp . MENOR exp
   16    | exp . MAIOR exp
   17    | exp . MENORIG exp
   18    | exp . MAIORIG exp
   19    | exp . E exp
   20    | exp . OU exp
   30 tid: ABRECOL exp FECHACOL OF exp .

    MENOS      shift, and go to state 36
    MAIS       shift, and go to state 37
    VEZES      shift, and go to state 38
    DIVIDIR    shift, and go to state 39
    IGUAL      shift, and go to state 40
    DIFERENTE  shift, and go to state 41
    MENOR      shift, and go to state 42
    MENORIG    shift, and go to state 43
    MAIOR      shift, and go to state 44
    MAIORIG    shift, and go to state 45
    E          shift, and go to state 46
    OU         shift, and go to state 47

    $default  reduce using rule 30 (tid)


State 100

   23 exp: IF exp THEN exp ELSE . exp

    NUM       shift, and go to state 1
    STRING    shift, and go to state 2
    NIL       shift, and go to state 3
    ABREPAR   shift, and go to state 4
    ABRECHAV  shift, and go to state 5
    ABRECOL   shift, and go to state 6
    MENOS     shift, and go to state 7
    IF        shift, and go to state 8
    WHILE     shift, and go to state 9
    FOR       shift, and go to state 10
    BREAK     shift, and go to state 11
    LET       shift, and go to state 12
    ID        shift, and go to state 13

    exp     go to state 115
    tid     go to state 16
    lvalue  go to state 17


State 101

   26 exp: FOR ID ATRIBUI exp TO . exp DO exp

    NUM       shift, and go to state 1
    STRING    shift, and go to state 2
    NIL       shift, and go to state 3
    ABREPAR   shift, and go to state 4
    ABRECHAV  shift, and go to state 5
    ABRECOL   shift, and go to state 6
    MENOS     shift, and go to state 7
    IF        shift, and go to state 8
    WHILE     shift, and go to state 9
    FOR       shift, and go to state 10
    BREAK     shift, and go to state 11
    LET       shift, and go to state 12
    ID        shift, and go to state 13

    exp     go to state 116
    tid     go to state 16
    lvalue  go to state 17


State 102

   38 ty: ABRECHAV . ID DOISPONTOS typeid tyfields1 FECHACHAV

    ID  shift, and go to state 117


State 103

   37 ty: ID .

    $default  reduce using rule 37 (ty)


State 104

   39 ty: ARRAY . OF ID

    OF  shift, and go to state 118


State 105

   36 tydec: TIPO ID IGUAL ty .

    $default  reduce using rule 36 (tydec)


State 106

    9 exp: exp . MAIS exp
   10    | exp . MENOS exp
   11    | exp . VEZES exp
   12    | exp . DIVIDIR exp
   13    | exp . IGUAL exp
   14    | exp . DIFERENTE exp
   15    | exp . MENOR exp
   16    | exp . MAIOR exp
   17    | exp . MENORIG exp
   18    | exp . MAIORIG exp
   19    | exp . E exp
   20    | exp . OU exp
   44 vardec: VAR ID ATRIBUI exp .

    MENOS      shift, and go to state 36
    MAIS       shift, and go to state 37
    VEZES      shift, and go to state 38
    DIVIDIR    shift, and go to state 39
    IGUAL      shift, and go to state 40
    DIFERENTE  shift, and go to state 41
    MENOR      shift, and go to state 42
    MENORIG    shift, and go to state 43
    MAIOR      shift, and go to state 44
    MAIORIG    shift, and go to state 45
    E          shift, and go to state 46
    OU         shift, and go to state 47

    $default  reduce using rule 44 (vardec)


State 107

   51 typeid: ID .

    $default  reduce using rule 51 (typeid)


State 108

   45 vardec: VAR ID DOISPONTOS typeid . ATRIBUI exp

    ATRIBUI  shift, and go to state 119


State 109

   40 tyfields: ID . DOISPONTOS typeid tyfields1

    DOISPONTOS  shift, and go to state 120


State 110

   46 fundec: FUNCTION ID ABREPAR tyfields . FECHAPAR IGUAL exp
   47       | FUNCTION ID ABREPAR tyfields . FECHAPAR DOISPONTOS typeid IGUAL exp

    FECHAPAR  shift, and go to state 121


State 111

   28 exp: LET decs IN expseq END .

    $default  reduce using rule 28 (exp)


State 112

    9 exp: exp . MAIS exp
   10    | exp . MENOS exp
   11    | exp . VEZES exp
   12    | exp . DIVIDIR exp
   13    | exp . IGUAL exp
   14    | exp . DIFERENTE exp
   15    | exp . MENOR exp
   16    | exp . MAIOR exp
   17    | exp . MENORIG exp
   18    | exp . MAIORIG exp
   19    | exp . E exp
   20    | exp . OU exp
   58 args1: VIRG exp . args1

    MENOS      shift, and go to state 36
    MAIS       shift, and go to state 37
    VEZES      shift, and go to state 38
    DIVIDIR    shift, and go to state 39
    IGUAL      shift, and go to state 40
    DIFERENTE  shift, and go to state 41
    MENOR      shift, and go to state 42
    MENORIG    shift, and go to state 43
    MAIOR      shift, and go to state 44
    MAIORIG    shift, and go to state 45
    E          shift, and go to state 46
    OU         shift, and go to state 47
    VIRG       shift, and go to state 92

    $default  reduce using rule 59 (args1)

    args1  go to state 122


State 113

   60 idexps: VIRG ID . IGUAL exp idexps

    IGUAL  shift, and go to state 123


State 114

   29 tid: ABRECHAV ID IGUAL exp idexps FECHACHAV .

    $default  reduce using rule 29 (tid)


State 115

    9 exp: exp . MAIS exp
   10    | exp . MENOS exp
   11    | exp . VEZES exp
   12    | exp . DIVIDIR exp
   13    | exp . IGUAL exp
   14    | exp . DIFERENTE exp
   15    | exp . MENOR exp
   16    | exp . MAIOR exp
   17    | exp . MENORIG exp
   18    | exp . MAIORIG exp
   19    | exp . E exp
   20    | exp . OU exp
   23    | IF exp THEN exp ELSE exp .

    $default  reduce using rule 23 (exp)


State 116

    9 exp: exp . MAIS exp
   10    | exp . MENOS exp
   11    | exp . VEZES exp
   12    | exp . DIVIDIR exp
   13    | exp . IGUAL exp
   14    | exp . DIFERENTE exp
   15    | exp . MENOR exp
   16    | exp . MAIOR exp
   17    | exp . MENORIG exp
   18    | exp . MAIORIG exp
   19    | exp . E exp
   20    | exp . OU exp
   26    | FOR ID ATRIBUI exp TO exp . DO exp

    MENOS      shift, and go to state 36
    MAIS       shift, and go to state 37
    VEZES      shift, and go to state 38
    DIVIDIR    shift, and go to state 39
    IGUAL      shift, and go to state 40
    DIFERENTE  shift, and go to state 41
    MENOR      shift, and go to state 42
    MENORIG    shift, and go to state 43
    MAIOR      shift, and go to state 44
    MAIORIG    shift, and go to state 45
    E          shift, and go to state 46
    OU         shift, and go to state 47
    DO         shift, and go to state 124


State 117

   38 ty: ABRECHAV ID . DOISPONTOS typeid tyfields1 FECHACHAV

    DOISPONTOS  shift, and go to state 125


State 118

   39 ty: ARRAY OF . ID

    ID  shift, and go to state 126


State 119

   45 vardec: VAR ID DOISPONTOS typeid ATRIBUI . exp

    NUM       shift, and go to state 1
    STRING    shift, and go to state 2
    NIL       shift, and go to state 3
    ABREPAR   shift, and go to state 4
    ABRECHAV  shift, and go to state 5
    ABRECOL   shift, and go to state 6
    MENOS     shift, and go to state 7
    IF        shift, and go to state 8
    WHILE     shift, and go to state 9
    FOR       shift, and go to state 10
    BREAK     shift, and go to state 11
    LET       shift, and go to state 12
    ID        shift, and go to state 13

    exp     go to state 127
    tid     go to state 16
    lvalue  go to state 17


State 120

   40 tyfields: ID DOISPONTOS . typeid tyfields1

    ID  shift, and go to state 107

    typeid  go to state 128


State 121

   46 fundec: FUNCTION ID ABREPAR tyfields FECHAPAR . IGUAL exp
   47       | FUNCTION ID ABREPAR tyfields FECHAPAR . DOISPONTOS typeid IGUAL exp

    IGUAL       shift, and go to state 129
    DOISPONTOS  shift, and go to state 130


State 122

   58 args1: VIRG exp args1 .

    $default  reduce using rule 58 (args1)


State 123

   60 idexps: VIRG ID IGUAL . exp idexps

    NUM       shift, and go to state 1
    STRING    shift, and go to state 2
    NIL       shift, and go to state 3
    ABREPAR   shift, and go to state 4
    ABRECHAV  shift, and go to state 5
    ABRECOL   shift, and go to state 6
    MENOS     shift, and go to state 7
    IF        shift, and go to state 8
    WHILE     shift, and go to state 9
    FOR       shift, and go to state 10
    BREAK     shift, and go to state 11
    LET       shift, and go to state 12
    ID        shift, and go to state 13

    exp     go to state 131
    tid     go to state 16
    lvalue  go to state 17


State 124

   26 exp: FOR ID ATRIBUI exp TO exp DO . exp

    NUM       shift, and go to state 1
    STRING    shift, and go to state 2
    NIL       shift, and go to state 3
    ABREPAR   shift, and go to state 4
    ABRECHAV  shift, and go to state 5
    ABRECOL   shift, and go to state 6
    MENOS     shift, and go to state 7
    IF        shift, and go to state 8
    WHILE     shift, and go to state 9
    FOR       shift, and go to state 10
    BREAK     shift, and go to state 11
    LET       shift, and go to state 12
    ID        shift, and go to state 13

    exp     go to state 132
    tid     go to state 16
    lvalue  go to state 17


State 125

   38 ty: ABRECHAV ID DOISPONTOS . typeid tyfields1 FECHACHAV

    ID  shift, and go to state 107

    typeid  go to state 133


State 126

   39 ty: ARRAY OF ID .

    $default  reduce using rule 39 (ty)


State 127

    9 exp: exp . MAIS exp
   10    | exp . MENOS exp
   11    | exp . VEZES exp
   12    | exp . DIVIDIR exp
   13    | exp . IGUAL exp
   14    | exp . DIFERENTE exp
   15    | exp . MENOR exp
   16    | exp . MAIOR exp
   17    | exp . MENORIG exp
   18    | exp . MAIORIG exp
   19    | exp . E exp
   20    | exp . OU exp
   45 vardec: VAR ID DOISPONTOS typeid ATRIBUI exp .

    MENOS      shift, and go to state 36
    MAIS       shift, and go to state 37
    VEZES      shift, and go to state 38
    DIVIDIR    shift, and go to state 39
    IGUAL      shift, and go to state 40
    DIFERENTE  shift, and go to state 41
    MENOR      shift, and go to state 42
    MENORIG    shift, and go to state 43
    MAIOR      shift, and go to state 44
    MAIORIG    shift, and go to state 45
    E          shift, and go to state 46
    OU         shift, and go to state 47

    $default  reduce using rule 45 (vardec)


State 128

   40 tyfields: ID DOISPONTOS typeid . tyfields1

    VIRG  shift, and go to state 134

    $default  reduce using rule 43 (tyfields1)

    tyfields1  go to state 135


State 129

   46 fundec: FUNCTION ID ABREPAR tyfields FECHAPAR IGUAL . exp

    NUM       shift, and go to state 1
    STRING    shift, and go to state 2
    NIL       shift, and go to state 3
    ABREPAR   shift, and go to state 4
    ABRECHAV  shift, and go to state 5
    ABRECOL   shift, and go to state 6
    MENOS     shift, and go to state 7
    IF        shift, and go to state 8
    WHILE     shift, and go to state 9
    FOR       shift, and go to state 10
    BREAK     shift, and go to state 11
    LET       shift, and go to state 12
    ID        shift, and go to state 13

    exp     go to state 136
    tid     go to state 16
    lvalue  go to state 17


State 130

   47 fundec: FUNCTION ID ABREPAR tyfields FECHAPAR DOISPONTOS . typeid IGUAL exp

    ID  shift, and go to state 107

    typeid  go to state 137


State 131

    9 exp: exp . MAIS exp
   10    | exp . MENOS exp
   11    | exp . VEZES exp
   12    | exp . DIVIDIR exp
   13    | exp . IGUAL exp
   14    | exp . DIFERENTE exp
   15    | exp . MENOR exp
   16    | exp . MAIOR exp
   17    | exp . MENORIG exp
   18    | exp . MAIORIG exp
   19    | exp . E exp
   20    | exp . OU exp
   60 idexps: VIRG ID IGUAL exp . idexps

    MENOS      shift, and go to state 36
    MAIS       shift, and go to state 37
    VEZES      shift, and go to state 38
    DIVIDIR    shift, and go to state 39
    IGUAL      shift, and go to state 40
    DIFERENTE  shift, and go to state 41
    MENOR      shift, and go to state 42
    MENORIG    shift, and go to state 43
    MAIOR      shift, and go to state 44
    MAIORIG    shift, and go to state 45
    E          shift, and go to state 46
    OU         shift, and go to state 47
    VIRG       shift, and go to state 97

    $default  reduce using rule 61 (idexps)

    idexps  go to state 138


State 132

    9 exp: exp . MAIS exp
   10    | exp . MENOS exp
   11    | exp . VEZES exp
   12    | exp . DIVIDIR exp
   13    | exp . IGUAL exp
   14    | exp . DIFERENTE exp
   15    | exp . MENOR exp
   16    | exp . MAIOR exp
   17    | exp . MENORIG exp
   18    | exp . MAIORIG exp
   19    | exp . E exp
   20    | exp . OU exp
   26    | FOR ID ATRIBUI exp TO exp DO exp .

    MENOS      shift, and go to state 36
    MAIS       shift, and go to state 37
    VEZES      shift, and go to state 38
    DIVIDIR    shift, and go to state 39
    IGUAL      shift, and go to state 40
    DIFERENTE  shift, and go to state 41
    MENOR      shift, and go to state 42
    MENORIG    shift, and go to state 43
    MAIOR      shift, and go to state 44
    MAIORIG    shift, and go to state 45
    E          shift, and go to state 46
    OU         shift, and go to state 47

    $default  reduce using rule 26 (exp)


State 133

   38 ty: ABRECHAV ID DOISPONTOS typeid . tyfields1 FECHACHAV

    VIRG  shift, and go to state 134

    $default  reduce using rule 43 (tyfields1)

    tyfields1  go to state 139


State 134

   42 tyfields1: VIRG . ID DOISPONTOS typeid tyfields1

    ID  shift, and go to state 140


State 135

   40 tyfields: ID DOISPONTOS typeid tyfields1 .

    $default  reduce using rule 40 (tyfields)


State 136

    9 exp: exp . MAIS exp
   10    | exp . MENOS exp
   11    | exp . VEZES exp
   12    | exp . DIVIDIR exp
   13    | exp . IGUAL exp
   14    | exp . DIFERENTE exp
   15    | exp . MENOR exp
   16    | exp . MAIOR exp
   17    | exp . MENORIG exp
   18    | exp . MAIORIG exp
   19    | exp . E exp
   20    | exp . OU exp
   46 fundec: FUNCTION ID ABREPAR tyfields FECHAPAR IGUAL exp .

    MENOS      shift, and go to state 36
    MAIS       shift, and go to state 37
    VEZES      shift, and go to state 38
    DIVIDIR    shift, and go to state 39
    IGUAL      shift, and go to state 40
    DIFERENTE  shift, and go to state 41
    MENOR      shift, and go to state 42
    MENORIG    shift, and go to state 43
    MAIOR      shift, and go to state 44
    MAIORIG    shift, and go to state 45
    E          shift, and go to state 46
    OU         shift, and go to state 47

    $default  reduce using rule 46 (fundec)


State 137

   47 fundec: FUNCTION ID ABREPAR tyfields FECHAPAR DOISPONTOS typeid . IGUAL exp

    IGUAL  shift, and go to state 141


State 138

   60 idexps: VIRG ID IGUAL exp idexps .

    $default  reduce using rule 60 (idexps)


State 139

   38 ty: ABRECHAV ID DOISPONTOS typeid tyfields1 . FECHACHAV

    FECHACHAV  shift, and go to state 142


State 140

   42 tyfields1: VIRG ID . DOISPONTOS typeid tyfields1

    DOISPONTOS  shift, and go to state 143


State 141

   47 fundec: FUNCTION ID ABREPAR tyfields FECHAPAR DOISPONTOS typeid IGUAL . exp

    NUM       shift, and go to state 1
    STRING    shift, and go to state 2
    NIL       shift, and go to state 3
    ABREPAR   shift, and go to state 4
    ABRECHAV  shift, and go to state 5
    ABRECOL   shift, and go to state 6
    MENOS     shift, and go to state 7
    IF        shift, and go to state 8
    WHILE     shift, and go to state 9
    FOR       shift, and go to state 10
    BREAK     shift, and go to state 11
    LET       shift, and go to state 12
    ID        shift, and go to state 13

    exp     go to state 144
    tid     go to state 16
    lvalue  go to state 17


State 142

   38 ty: ABRECHAV ID DOISPONTOS typeid tyfields1 FECHACHAV .

    $default  reduce using rule 38 (ty)


State 143

   42 tyfields1: VIRG ID DOISPONTOS . typeid tyfields1

    ID  shift, and go to state 107

    typeid  go to state 145


State 144

    9 exp: exp . MAIS exp
   10    | exp . MENOS exp
   11    | exp . VEZES exp
   12    | exp . DIVIDIR exp
   13    | exp . IGUAL exp
   14    | exp . DIFERENTE exp
   15    | exp . MENOR exp
   16    | exp . MAIOR exp
   17    | exp . MENORIG exp
   18    | exp . MAIORIG exp
   19    | exp . E exp
   20    | exp . OU exp
   47 fundec: FUNCTION ID ABREPAR tyfields FECHAPAR DOISPONTOS typeid IGUAL exp .

    MENOS      shift, and go to state 36
    MAIS       shift, and go to state 37
    VEZES      shift, and go to state 38
    DIVIDIR    shift, and go to state 39
    IGUAL      shift, and go to state 40
    DIFERENTE  shift, and go to state 41
    MENOR      shift, and go to state 42
    MENORIG    shift, and go to state 43
    MAIOR      shift, and go to state 44
    MAIORIG    shift, and go to state 45
    E          shift, and go to state 46
    OU         shift, and go to state 47

    $default  reduce using rule 47 (fundec)


State 145

   42 tyfields1: VIRG ID DOISPONTOS typeid . tyfields1

    VIRG  shift, and go to state 134

    $default  reduce using rule 43 (tyfields1)

    tyfields1  go to state 146


State 146

   42 tyfields1: VIRG ID DOISPONTOS typeid tyfields1 .

    $default  reduce using rule 42 (tyfields1)
